# JRE version: OpenJDK Runtime Environment (8.0_322) (build 1.8.0_322-ga)
# Java VM: OpenJDK 64-Bit Server VM (25.322-bga mixed mode linux-amd64 compressed oops)
Heap:
 def new generation   total 30784K, used 21030K [0x00000000e0000000, 0x00000000e2160000, 0x00000000eaaa0000)
  eden space 27392K,  76% used [0x00000000e0000000, 0x00000000e1489960, 0x00000000e1ac0000)
  from space 3392K,   0% used [0x00000000e1ac0000, 0x00000000e1ac0000, 0x00000000e1e10000)
  to   space 3392K,   0% used [0x00000000e1e10000, 0x00000000e1e10000, 0x00000000e2160000)
 tenured generation   total 68300K, used 33236K [0x00000000eaaa0000, 0x00000000eed53000, 0x0000000100000000)
   the space 68300K,  48% used [0x00000000eaaa0000, 0x00000000ecb15338, 0x00000000ecb15400, 0x00000000eed53000)
 Metaspace       used 3599K, capacity 4592K, committed 4864K, reserved 1056768K
  class space    used 403K, capacity 428K, committed 512K, reserved 1048576K
GC Heap History (10 events):
Event: 2.802 GC heap before
{Heap before GC invocations=1 (full 0):
 def new generation   total 4928K, used 2547K [0x00000000e0000000, 0x00000000e0550000, 0x00000000eaaa0000)
  eden space 4416K,  46% used [0x00000000e0000000, 0x00000000e02000c8, 0x00000000e0450000)
  from space 512K,  97% used [0x00000000e04d0000, 0x00000000e054cc00, 0x00000000e0550000)
  to   space 512K,   0% used [0x00000000e0450000, 0x00000000e0450000, 0x00000000e04d0000)
 tenured generation   total 10944K, used 1024K [0x00000000eaaa0000, 0x00000000eb550000, 0x0000000100000000)
   the space 10944K,   9% used [0x00000000eaaa0000, 0x00000000eaba0010, 0x00000000eaba0200, 0x00000000eb550000)
 Metaspace       used 3583K, capacity 4592K, committed 4864K, reserved 1056768K
  class space    used 403K, capacity 428K, committed 512K, reserved 1048576K
Event: 2.816 GC heap after
Heap after GC invocations=2 (full 0):
 def new generation   total 4928K, used 0K [0x00000000e0000000, 0x00000000e0550000, 0x00000000eaaa0000)
  eden space 4416K,   0% used [0x00000000e0000000, 0x00000000e0000000, 0x00000000e0450000)
  from space 512K,   0% used [0x00000000e0450000, 0x00000000e04500b8, 0x00000000e04d0000)
  to   space 512K,   0% used [0x00000000e04d0000, 0x00000000e04d0000, 0x00000000e0550000)
 tenured generation   total 10944K, used 3542K [0x00000000eaaa0000, 0x00000000eb550000, 0x0000000100000000)
   the space 10944K,  32% used [0x00000000eaaa0000, 0x00000000eae15828, 0x00000000eae15a00, 0x00000000eb550000)
 Metaspace       used 3583K, capacity 4592K, committed 4864K, reserved 1056768K
  class space    used 403K, capacity 428K, committed 512K, reserved 1048576K
}
Event: 2.933 GC heap before
{Heap before GC invocations=2 (full 0):
 def new generation   total 4928K, used 4096K [0x00000000e0000000, 0x00000000e0550000, 0x00000000eaaa0000)
  eden space 4416K,  92% used [0x00000000e0000000, 0x00000000e04000c8, 0x00000000e0450000)
  from space 512K,   0% used [0x00000000e0450000, 0x00000000e04500b8, 0x00000000e04d0000)
  to   space 512K,   0% used [0x00000000e04d0000, 0x00000000e04d0000, 0x00000000e0550000)
 tenured generation   total 10944K, used 3542K [0x00000000eaaa0000, 0x00000000eb550000, 0x0000000100000000)
   the space 10944K,  32% used [0x00000000eaaa0000, 0x00000000eae15828, 0x00000000eae15a00, 0x00000000eb550000)
 Metaspace       used 3583K, capacity 4592K, committed 4864K, reserved 1056768K
  class space    used 403K, capacity 428K, committed 512K, reserved 1048576K
Event: 2.984 GC heap after
Heap after GC invocations=3 (full 1):
 def new generation   total 4992K, used 0K [0x00000000e0000000, 0x00000000e0560000, 0x00000000eaaa0000)
  eden space 4480K,   0% used [0x00000000e0000000, 0x00000000e0000000, 0x00000000e0460000)
  from space 512K,   0% used [0x00000000e0460000, 0x00000000e0460000, 0x00000000e04e0000)
  to   space 512K,   0% used [0x00000000e04e0000, 0x00000000e04e0000, 0x00000000e0560000)
 tenured generation   total 10944K, used 4565K [0x00000000eaaa0000, 0x00000000eb550000, 0x0000000100000000)
   the space 10944K,  41% used [0x00000000eaaa0000, 0x00000000eaf154c0, 0x00000000eaf15600, 0x00000000eb550000)
 Metaspace       used 3583K, capacity 4592K, committed 4864K, reserved 1056768K
  class space    used 403K, capacity 428K, committed 512K, reserved 1048576K
}
Event: 3.119 GC heap before
{Heap before GC invocations=3 (full 1):
 def new generation   total 4992K, used 0K [0x00000000e0000000, 0x00000000e0560000, 0x00000000eaaa0000)
  eden space 4480K,   0% used [0x00000000e0000000, 0x00000000e00000b8, 0x00000000e0460000)
  from space 512K,   0% used [0x00000000e0460000, 0x00000000e0460000, 0x00000000e04e0000)
  to   space 512K,   0% used [0x00000000e04e0000, 0x00000000e04e0000, 0x00000000e0560000)
 tenured generation   total 19140K, used 12757K [0x00000000eaaa0000, 0x00000000ebd51000, 0x0000000100000000)
   the space 19140K,  66% used [0x00000000eaaa0000, 0x00000000eb7154d0, 0x00000000eb715600, 0x00000000ebd51000)
 Metaspace       used 3583K, capacity 4592K, committed 4864K, reserved 1056768K
  class space    used 403K, capacity 428K, committed 512K, reserved 1048576K
Event: 3.140 GC heap after
Heap after GC invocations=4 (full 2):
 def new generation   total 8640K, used 0K [0x00000000e0000000, 0x00000000e0960000, 0x00000000eaaa0000)
  eden space 7680K,   0% used [0x00000000e0000000, 0x00000000e0000000, 0x00000000e0780000)
  from space 960K,   0% used [0x00000000e0780000, 0x00000000e0780000, 0x00000000e0870000)
  to   space 960K,   0% used [0x00000000e0870000, 0x00000000e0870000, 0x00000000e0960000)
 tenured generation   total 19140K, used 8661K [0x00000000eaaa0000, 0x00000000ebd51000, 0x0000000100000000)
   the space 19140K,  45% used [0x00000000eaaa0000, 0x00000000eb3154c0, 0x00000000eb315600, 0x00000000ebd51000)
 Metaspace       used 3583K, capacity 4592K, committed 4864K, reserved 1056768K
  class space    used 403K, capacity 428K, committed 512K, reserved 1048576K
}
Event: 3.526 GC heap before
{Heap before GC invocations=4 (full 2):
 def new generation   total 8640K, used 0K [0x00000000e0000000, 0x00000000e0960000, 0x00000000eaaa0000)
  eden space 7680K,   0% used [0x00000000e0000000, 0x00000000e00000b8, 0x00000000e0780000)
  from space 960K,   0% used [0x00000000e0780000, 0x00000000e0780000, 0x00000000e0870000)
  to   space 960K,   0% used [0x00000000e0870000, 0x00000000e0870000, 0x00000000e0960000)
 tenured generation   total 35528K, used 25045K [0x00000000eaaa0000, 0x00000000ecd52000, 0x0000000100000000)
   the space 35528K,  70% used [0x00000000eaaa0000, 0x00000000ec3154d0, 0x00000000ec315600, 0x00000000ecd52000)
 Metaspace       used 3583K, capacity 4592K, committed 4864K, reserved 1056768K
  class space    used 403K, capacity 428K, committed 512K, reserved 1048576K
Event: 3.571 GC heap after
Heap after GC invocations=5 (full 3):
 def new generation   total 16064K, used 0K [0x00000000e0000000, 0x00000000e1160000, 0x00000000eaaa0000)
  eden space 14336K,   0% used [0x00000000e0000000, 0x00000000e0000000, 0x00000000e0e00000)
  from space 1728K,   0% used [0x00000000e0e00000, 0x00000000e0e00000, 0x00000000e0fb0000)
  to   space 1728K,   0% used [0x00000000e0fb0000, 0x00000000e0fb0000, 0x00000000e1160000)
 tenured generation   total 35528K, used 16853K [0x00000000eaaa0000, 0x00000000ecd52000, 0x0000000100000000)
   the space 35528K,  47% used [0x00000000eaaa0000, 0x00000000ebb154c0, 0x00000000ebb15600, 0x00000000ecd52000)
 Metaspace       used 3583K, capacity 4592K, committed 4864K, reserved 1056768K
  class space    used 403K, capacity 428K, committed 512K, reserved 1048576K
}
Event: 4.398 GC heap before
{Heap before GC invocations=5 (full 3):
 def new generation   total 16064K, used 0K [0x00000000e0000000, 0x00000000e1160000, 0x00000000eaaa0000)
  eden space 14336K,   0% used [0x00000000e0000000, 0x00000000e00000b8, 0x00000000e0e00000)
  from space 1728K,   0% used [0x00000000e0e00000, 0x00000000e0e00000, 0x00000000e0fb0000)
  to   space 1728K,   0% used [0x00000000e0fb0000, 0x00000000e0fb0000, 0x00000000e1160000)
 tenured generation   total 68300K, used 49621K [0x00000000eaaa0000, 0x00000000eed53000, 0x0000000100000000)
   the space 68300K,  72% used [0x00000000eaaa0000, 0x00000000edb154d0, 0x00000000edb15600, 0x00000000eed53000)
 Metaspace       used 3583K, capacity 4592K, committed 4864K, reserved 1056768K
  class space    used 403K, capacity 428K, committed 512K, reserved 1048576K
Event: 4.485 GC heap after
Heap after GC invocations=6 (full 4):
 def new generation   total 30784K, used 0K [0x00000000e0000000, 0x00000000e2160000, 0x00000000eaaa0000)
  eden space 27392K,   0% used [0x00000000e0000000, 0x00000000e0000000, 0x00000000e1ac0000)
  from space 3392K,   0% used [0x00000000e1ac0000, 0x00000000e1ac0000, 0x00000000e1e10000)
  to   space 3392K,   0% used [0x00000000e1e10000, 0x00000000e1e10000, 0x00000000e2160000)
 tenured generation   total 68300K, used 33236K [0x00000000eaaa0000, 0x00000000eed53000, 0x0000000100000000)
   the space 68300K,  48% used [0x00000000eaaa0000, 0x00000000ecb15338, 0x00000000ecb15400, 0x00000000eed53000)
 Metaspace       used 3583K, capacity 4592K, committed 4864K, reserved 1056768K
  class space    used 403K, capacity 428K, committed 512K, reserved 1048576K
}

