# JRE version: OpenJDK Runtime Environment (8.0_322) (build 1.8.0_322-ga)
# Java VM: OpenJDK 64-Bit Server VM (25.322-bga mixed mode linux-amd64 compressed oops)
Heap:
 def new generation   total 91008K, used 55593K [0x00000000e0000000, 0x00000000e62c0000, 0x00000000eaaa0000)
  eden space 80896K,  65% used [0x00000000e0000000, 0x00000000e33f4e38, 0x00000000e4f00000)
  from space 10112K,  23% used [0x00000000e4f00000, 0x00000000e51557b0, 0x00000000e58e0000)
  to   space 10112K,   0% used [0x00000000e58e0000, 0x00000000e58e0000, 0x00000000e62c0000)
 tenured generation   total 202168K, used 79340K [0x00000000eaaa0000, 0x00000000f700e000, 0x0000000100000000)
   the space 202168K,  39% used [0x00000000eaaa0000, 0x00000000ef81b020, 0x00000000ef81b200, 0x00000000f700e000)
 Metaspace       used 36089K, capacity 36490K, committed 36992K, reserved 1081344K
  class space    used 4518K, capacity 4631K, committed 4736K, reserved 1048576K
GC Heap History (10 events):
Event: 6684.229 GC heap before
{Heap before GC invocations=117 (full 8):
 def new generation   total 91008K, used 83943K [0x00000000e0000000, 0x00000000e62c0000, 0x00000000eaaa0000)
  eden space 80896K, 100% used [0x00000000e0000000, 0x00000000e4f00000, 0x00000000e4f00000)
  from space 10112K,  30% used [0x00000000e58e0000, 0x00000000e5bd9da8, 0x00000000e62c0000)
  to   space 10112K,   0% used [0x00000000e4f00000, 0x00000000e4f00000, 0x00000000e58e0000)
 tenured generation   total 202168K, used 74430K [0x00000000eaaa0000, 0x00000000f700e000, 0x0000000100000000)
   the space 202168K,  36% used [0x00000000eaaa0000, 0x00000000ef34f9a8, 0x00000000ef34fa00, 0x00000000f700e000)
 Metaspace       used 36025K, capacity 36352K, committed 36736K, reserved 1081344K
  class space    used 4513K, capacity 4628K, committed 4736K, reserved 1048576K
Event: 6684.385 GC heap after
Heap after GC invocations=118 (full 8):
 def new generation   total 91008K, used 6362K [0x00000000e0000000, 0x00000000e62c0000, 0x00000000eaaa0000)
  eden space 80896K,   0% used [0x00000000e0000000, 0x00000000e0000000, 0x00000000e4f00000)
  from space 10112K,  62% used [0x00000000e4f00000, 0x00000000e5536800, 0x00000000e58e0000)
  to   space 10112K,   0% used [0x00000000e58e0000, 0x00000000e58e0000, 0x00000000e62c0000)
 tenured generation   total 202168K, used 74430K [0x00000000eaaa0000, 0x00000000f700e000, 0x0000000100000000)
   the space 202168K,  36% used [0x00000000eaaa0000, 0x00000000ef34f9a8, 0x00000000ef34fa00, 0x00000000f700e000)
 Metaspace       used 36025K, capacity 36352K, committed 36736K, reserved 1081344K
  class space    used 4513K, capacity 4628K, committed 4736K, reserved 1048576K
}
Event: 6749.213 GC heap before
{Heap before GC invocations=118 (full 8):
 def new generation   total 91008K, used 87258K [0x00000000e0000000, 0x00000000e62c0000, 0x00000000eaaa0000)
  eden space 80896K, 100% used [0x00000000e0000000, 0x00000000e4f00000, 0x00000000e4f00000)
  from space 10112K,  62% used [0x00000000e4f00000, 0x00000000e5536800, 0x00000000e58e0000)
  to   space 10112K,   0% used [0x00000000e58e0000, 0x00000000e58e0000, 0x00000000e62c0000)
 tenured generation   total 202168K, used 74430K [0x00000000eaaa0000, 0x00000000f700e000, 0x0000000100000000)
   the space 202168K,  36% used [0x00000000eaaa0000, 0x00000000ef34f9a8, 0x00000000ef34fa00, 0x00000000f700e000)
 Metaspace       used 36026K, capacity 36352K, committed 36736K, reserved 1081344K
  class space    used 4513K, capacity 4628K, committed 4736K, reserved 1048576K
Event: 6749.234 GC heap after
Heap after GC invocations=119 (full 8):
 def new generation   total 91008K, used 4979K [0x00000000e0000000, 0x00000000e62c0000, 0x00000000eaaa0000)
  eden space 80896K,   0% used [0x00000000e0000000, 0x00000000e0000000, 0x00000000e4f00000)
  from space 10112K,  49% used [0x00000000e58e0000, 0x00000000e5dbcf90, 0x00000000e62c0000)
  to   space 10112K,   0% used [0x00000000e4f00000, 0x00000000e4f00000, 0x00000000e58e0000)
 tenured generation   total 202168K, used 76005K [0x00000000eaaa0000, 0x00000000f700e000, 0x0000000100000000)
   the space 202168K,  37% used [0x00000000eaaa0000, 0x00000000ef4d9400, 0x00000000ef4d9400, 0x00000000f700e000)
 Metaspace       used 36026K, capacity 36352K, committed 36736K, reserved 1081344K
  class space    used 4513K, capacity 4628K, committed 4736K, reserved 1048576K
}
Event: 6823.108 GC heap before
{Heap before GC invocations=119 (full 8):
 def new generation   total 91008K, used 85875K [0x00000000e0000000, 0x00000000e62c0000, 0x00000000eaaa0000)
  eden space 80896K, 100% used [0x00000000e0000000, 0x00000000e4f00000, 0x00000000e4f00000)
  from space 10112K,  49% used [0x00000000e58e0000, 0x00000000e5dbcf90, 0x00000000e62c0000)
  to   space 10112K,   0% used [0x00000000e4f00000, 0x00000000e4f00000, 0x00000000e58e0000)
 tenured generation   total 202168K, used 76005K [0x00000000eaaa0000, 0x00000000f700e000, 0x0000000100000000)
   the space 202168K,  37% used [0x00000000eaaa0000, 0x00000000ef4d9400, 0x00000000ef4d9400, 0x00000000f700e000)
 Metaspace       used 36033K, capacity 36352K, committed 36736K, reserved 1081344K
  class space    used 4513K, capacity 4628K, committed 4736K, reserved 1048576K
Event: 6823.375 GC heap after
Heap after GC invocations=120 (full 8):
 def new generation   total 91008K, used 5156K [0x00000000e0000000, 0x00000000e62c0000, 0x00000000eaaa0000)
  eden space 80896K,   0% used [0x00000000e0000000, 0x00000000e0000000, 0x00000000e4f00000)
  from space 10112K,  50% used [0x00000000e4f00000, 0x00000000e5409250, 0x00000000e58e0000)
  to   space 10112K,   0% used [0x00000000e58e0000, 0x00000000e58e0000, 0x00000000e62c0000)
 tenured generation   total 202168K, used 76005K [0x00000000eaaa0000, 0x00000000f700e000, 0x0000000100000000)
   the space 202168K,  37% used [0x00000000eaaa0000, 0x00000000ef4d9400, 0x00000000ef4d9400, 0x00000000f700e000)
 Metaspace       used 36033K, capacity 36352K, committed 36736K, reserved 1081344K
  class space    used 4513K, capacity 4628K, committed 4736K, reserved 1048576K
}
Event: 6937.652 GC heap before
{Heap before GC invocations=120 (full 8):
 def new generation   total 91008K, used 86052K [0x00000000e0000000, 0x00000000e62c0000, 0x00000000eaaa0000)
  eden space 80896K, 100% used [0x00000000e0000000, 0x00000000e4f00000, 0x00000000e4f00000)
  from space 10112K,  50% used [0x00000000e4f00000, 0x00000000e5409250, 0x00000000e58e0000)
  to   space 10112K,   0% used [0x00000000e58e0000, 0x00000000e58e0000, 0x00000000e62c0000)
 tenured generation   total 202168K, used 76005K [0x00000000eaaa0000, 0x00000000f700e000, 0x0000000100000000)
   the space 202168K,  37% used [0x00000000eaaa0000, 0x00000000ef4d9400, 0x00000000ef4d9400, 0x00000000f700e000)
 Metaspace       used 36033K, capacity 36352K, committed 36736K, reserved 1081344K
  class space    used 4513K, capacity 4628K, committed 4736K, reserved 1048576K
Event: 6937.826 GC heap after
Heap after GC invocations=121 (full 8):
 def new generation   total 91008K, used 1780K [0x00000000e0000000, 0x00000000e62c0000, 0x00000000eaaa0000)
  eden space 80896K,   0% used [0x00000000e0000000, 0x00000000e0000000, 0x00000000e4f00000)
  from space 10112K,  17% used [0x00000000e58e0000, 0x00000000e5a9d0b0, 0x00000000e62c0000)
  to   space 10112K,   0% used [0x00000000e4f00000, 0x00000000e4f00000, 0x00000000e58e0000)
 tenured generation   total 202168K, used 79340K [0x00000000eaaa0000, 0x00000000f700e000, 0x0000000100000000)
   the space 202168K,  39% used [0x00000000eaaa0000, 0x00000000ef81b020, 0x00000000ef81b200, 0x00000000f700e000)
 Metaspace       used 36033K, capacity 36352K, committed 36736K, reserved 1081344K
  class space    used 4513K, capacity 4628K, committed 4736K, reserved 1048576K
}
Event: 7050.402 GC heap before
{Heap before GC invocations=121 (full 8):
 def new generation   total 91008K, used 82676K [0x00000000e0000000, 0x00000000e62c0000, 0x00000000eaaa0000)
  eden space 80896K, 100% used [0x00000000e0000000, 0x00000000e4f00000, 0x00000000e4f00000)
  from space 10112K,  17% used [0x00000000e58e0000, 0x00000000e5a9d0b0, 0x00000000e62c0000)
  to   space 10112K,   0% used [0x00000000e4f00000, 0x00000000e4f00000, 0x00000000e58e0000)
 tenured generation   total 202168K, used 79340K [0x00000000eaaa0000, 0x00000000f700e000, 0x0000000100000000)
   the space 202168K,  39% used [0x00000000eaaa0000, 0x00000000ef81b020, 0x00000000ef81b200, 0x00000000f700e000)
 Metaspace       used 36034K, capacity 36352K, committed 36736K, reserved 1081344K
  class space    used 4513K, capacity 4628K, committed 4736K, reserved 1048576K
Event: 7050.443 GC heap after
Heap after GC invocations=122 (full 8):
 def new generation   total 91008K, used 2389K [0x00000000e0000000, 0x00000000e62c0000, 0x00000000eaaa0000)
  eden space 80896K,   0% used [0x00000000e0000000, 0x00000000e0000000, 0x00000000e4f00000)
  from space 10112K,  23% used [0x00000000e4f00000, 0x00000000e51557b0, 0x00000000e58e0000)
  to   space 10112K,   0% used [0x00000000e58e0000, 0x00000000e58e0000, 0x00000000e62c0000)
 tenured generation   total 202168K, used 79340K [0x00000000eaaa0000, 0x00000000f700e000, 0x0000000100000000)
   the space 202168K,  39% used [0x00000000eaaa0000, 0x00000000ef81b020, 0x00000000ef81b200, 0x00000000f700e000)
 Metaspace       used 36034K, capacity 36352K, committed 36736K, reserved 1081344K
  class space    used 4513K, capacity 4628K, committed 4736K, reserved 1048576K
}

